<?xml version="1.0" encoding="UTF-8"?>
<testng-results ignored="0" total="0" passed="0" failed="0" skipped="0">
  <reporter-output>
  </reporter-output>
  <suite started-at="2023-05-15T15:20:03 IST" name="Surefire suite" finished-at="2023-05-15T15:20:05 IST" duration-ms="2098">
    <groups>
    </groups>
    <test started-at="2023-05-15T15:20:03 IST" name="Surefire test" finished-at="2023-05-15T15:20:05 IST" duration-ms="2098">
      <class name="Tests.sampleTest">
        <test-method is-config="true" signature="setUp()[pri:0, instance:Tests.sampleTest@5af97850]" started-at="2023-05-15T15:20:03 IST" name="setUp" finished-at="2023-05-15T15:20:05 IST" duration-ms="1932" status="PASS">
          <reporter-output>
          </reporter-output>
        </test-method> <!-- setUp -->
        <test-method is-config="true" signature="tearDown()[pri:0, instance:Tests.sampleTest@5af97850]" started-at="2023-05-15T15:20:05 IST" name="tearDown" finished-at="2023-05-15T15:20:05 IST" duration-ms="152" status="PASS">
          <reporter-output>
          </reporter-output>
        </test-method> <!-- tearDown -->
      </class> <!-- Tests.sampleTest -->
    </test> <!-- Surefire test -->
  </suite> <!-- Surefire suite -->
</testng-results>
