<?xml version="1.0" encoding="UTF-8"?>
<testng-results ignored="0" total="0" passed="0" failed="0" skipped="0">
  <reporter-output>
  </reporter-output>
  <suite started-at="2023-05-15T15:10:09 IST" name="Default suite" finished-at="2023-05-15T15:10:11 IST" duration-ms="1969">
    <groups>
    </groups>
    <test started-at="2023-05-15T15:10:09 IST" name="Default test" finished-at="2023-05-15T15:10:11 IST" duration-ms="1969">
      <class name="Tests.sampleTest">
        <test-method is-config="true" signature="setUp()[pri:0, instance:Tests.sampleTest@72f926e6]" started-at="2023-05-15T15:10:09 IST" name="setUp" finished-at="2023-05-15T15:10:11 IST" duration-ms="1755" status="PASS">
          <reporter-output>
          </reporter-output>
        </test-method> <!-- setUp -->
        <test-method is-config="true" signature="tearDown()[pri:0, instance:Tests.sampleTest@72f926e6]" started-at="2023-05-15T15:10:11 IST" name="tearDown" finished-at="2023-05-15T15:10:11 IST" duration-ms="201" status="PASS">
          <reporter-output>
          </reporter-output>
        </test-method> <!-- tearDown -->
      </class> <!-- Tests.sampleTest -->
    </test> <!-- Default test -->
  </suite> <!-- Default suite -->
</testng-results>
